<?xml version="1.0" encoding="UTF-8"?>
<!-- Generated by org.testng.reporters.JUnitReportReporter -->
<testsuite hostname="DESKTOP-BU76AG9" failures="0" tests="2" name="Register.TestRegister" time="32.449" errors="0" timestamp="2024-08-08T11:13:53 IST" skipped="0">
  <testcase classname="Register.TestRegister" name="registerWithExistingEmail" time="4.673"/>
  <testcase classname="Register.TestRegister" name="registerUser" time="27.776"/>
</testsuite> <!-- Register.TestRegister -->
