<?xml version="1.0" encoding="UTF-8"?>
<!-- Generated by org.testng.reporters.JUnitReportReporter -->
<testsuite hostname="DESKTOP-BU76AG9" failures="0" tests="1" name="login.logintest" time="0.019" errors="0" timestamp="2024-06-24T17:06:33 IST" skipped="0">
  <testcase classname="login.logintest" name="gettital" time="0.019"/>
</testsuite> <!-- login.logintest -->
