<?xml version="1.0" encoding="UTF-8"?>
<!-- Generated by org.testng.reporters.JUnitReportReporter -->
<testsuite hostname="DESKTOP-BU76AG9" failures="0" tests="1" name="contactUs.TestContactUs" time="7.715" errors="0" timestamp="2024-08-08T17:30:15 IST" skipped="0">
  <testcase classname="contactUs.TestContactUs" name="contactUsFormSubmission" time="7.715"/>
</testsuite> <!-- contactUs.TestContactUs -->
