<?xml version="1.0" encoding="UTF-8"?>
<!-- Generated by org.testng.reporters.JUnitReportReporter -->
<testsuite hostname="DESKTOP-BU76AG9" failures="0" tests="2" name="product.TestCategoryProducts" time="13.608" errors="0" timestamp="2024-08-09T16:58:05 IST" skipped="0">
  <testcase classname="product.TestCategoryProducts" name="viewHomePageCategoryProducts" time="5.724"/>
  <testcase classname="product.TestCategoryProducts" name="viewProductPageCategoryProducts" time="7.884"/>
</testsuite> <!-- product.TestCategoryProducts -->
