<?xml version="1.0" encoding="UTF-8"?>
<!-- Generated by org.testng.reporters.JUnitReportReporter -->
<testsuite hostname="DESKTOP-BU76AG9" failures="0" tests="3" name="loginRegister.TestLogin" time="25.684" errors="0" timestamp="2024-08-09T12:42:42 IST" skipped="0">
  <testcase classname="loginRegister.TestLogin" name="loginUserWithIncorrectEmailAndPassword" time="5.024"/>
  <testcase classname="loginRegister.TestLogin" name="loginUserWithCorrectEmailAndPassword" time="10.024"/>
  <testcase classname="loginRegister.TestLogin" name="loginUserWithCorrectEmailAndPasswordThenLogout" time="10.636"/>
</testsuite> <!-- loginRegister.TestLogin -->
