<?xml version="1.0" encoding="UTF-8"?>
<!-- Generated by org.testng.reporters.JUnitReportReporter -->
<testsuite hostname="DESKTOP-BU76AG9" failures="0" tests="3" name="product.TestProductsInCart" time="22.544" errors="0" timestamp="2024-08-09T15:08:44 IST" skipped="0">
  <testcase classname="product.TestProductsInCart" name="addProductsToCart" time="8.950"/>
  <testcase classname="product.TestProductsInCart" name="removeProductsFromCart" time="1.153"/>
  <testcase classname="product.TestProductsInCart" name="verifyProductQuantityInCart" time="12.441"/>
</testsuite> <!-- product.TestProductsInCart -->
