<?xml version="1.0" encoding="UTF-8"?>
<!-- Generated by org.testng.reporters.JUnitReportReporter -->
<testsuite hostname="DESKTOP-H8LBSOE" failures="0" tests="2" name="subscription.TestSubscription" time="6.230" errors="0" timestamp="2024-09-17T14:47:45 IST" skipped="0">
  <testcase classname="subscription.TestSubscription" name="testSubscriptionHomePage" time="2.176"/>
  <testcase classname="subscription.TestSubscription" name="testSubscriptionProductPage" time="4.054"/>
</testsuite> <!-- subscription.TestSubscription -->
