<?xml version="1.0" encoding="UTF-8"?>
<!-- Generated by org.testng.reporters.JUnitReportReporter -->
<testsuite hostname="DESKTOP-H8LBSOE" failures="0" tests="2" name="product.TestBrandProducts" time="12.544" errors="0" timestamp="2024-09-17T15:18:20 IST" skipped="0">
  <testcase classname="product.TestBrandProducts" name="viewHomePageBrandsProducts" time="4.666"/>
  <testcase classname="product.TestBrandProducts" name="viewProductPageBrandsProducts" time="7.878"/>
</testsuite> <!-- product.TestBrandProducts -->
