<?xml version="1.0" encoding="UTF-8"?>
<!-- Generated by org.testng.reporters.JUnitReportReporter -->
<testsuite hostname="DESKTOP-BU76AG9" failures="0" tests="1" name="product.TestProducts" time="9.292" errors="0" timestamp="2024-08-09T12:47:40 IST" skipped="0">
  <testcase classname="product.TestProducts" name="verifyAllProductsAndProductDetailPage" time="9.292"/>
</testsuite> <!-- product.TestProducts -->
